error: Type implements the following Labels: StageLabel, SystemLabel, RunCriteriaLabel, AmbiguitySetLabel and AppLabel
  --> $DIR/multiple_labels_on_type.rs:17:1
   |
LL | struct AllLables;
   | ^^^^^^^^^^^^^^^^^
   |
   = note: `-D multiple-labels-on-type` implied by `-D warnings`

error: Type implements the following Labels: StageLabel, SystemLabel, RunCriteriaLabel and AmbiguitySetLabel
  --> $DIR/multiple_labels_on_type.rs:31:1
   |
LL | / enum FourLables {
LL | |     Variant,
LL | | }
   | |_^

error: Type implements the following Labels: StageLabel, SystemLabel and RunCriteriaLabel
  --> $DIR/multiple_labels_on_type.rs:36:1
   |
LL | / enum ThreeLabels {
LL | |     Variant1,
LL | |     Variant2,
LL | | }
   | |_^

error: Type implements the following Labels: StageLabel and SystemLabel
  --> $DIR/multiple_labels_on_type.rs:42:1
   |
LL | / struct TwoLabels {
LL | |     id: usize,
LL | | }
   | |_^

error: aborting due to 4 previous errors

