warning: Usage of Filter in first Part of Query.
  --> $DIR/filter_in_world_query.rs:14:38
   |
LL | fn test_query1(mut query: Query<(&A, With<A>)>) {
   |                                      ^^^^^^^
   |
   = note: `#[warn(filter_in_world_query)]` on by default

warning: Unnecessary `With` Filter
  --> $DIR/filter_in_world_query.rs:14:38
   |
LL | fn test_query1(mut query: Query<(&A, With<A>)>) {
   |                                      ^^^^^^^
   |
   = note: `#[warn(unnecessary_with)]` on by default

warning: Usage of Filter in first Part of Query.
  --> $DIR/filter_in_world_query.rs:19:38
   |
LL | fn test_query2(mut query: Query<(&A, Without<A>)>) {
   |                                      ^^^^^^^^^^

warning: Empty Query
  --> $DIR/filter_in_world_query.rs:19:27
   |
LL | fn test_query2(mut query: Query<(&A, Without<A>)>) {
   |                           ^^^^^^^^^^^^^^^^^^^^^^^
   |
   = note: `#[warn(empty_query)]` on by default

warning: Usage of Filter in first Part of Query.
  --> $DIR/filter_in_world_query.rs:24:38
   |
LL | fn test_query3(mut query: Query<(&A, Added<A>)>) {
   |                                      ^^^^^^^^

warning: Usage of Filter in first Part of Query.
  --> $DIR/filter_in_world_query.rs:29:38
   |
LL | fn test_query4(mut query: Query<(&A, Changed<A>)>) {
   |                                      ^^^^^^^^^^

warning: 6 warnings emitted

