warning: Unnecessary `With` Filter
  --> $DIR/unnecessary_with.rs:23:33
   |
LL | fn test_query1(query: Query<&A, With<A>>, query_check: Query<&A>) {
   |                                 ^^^^^^^
   |
   = note: `#[warn(unnecessary_with)]` on by default

warning: Unnecessary `With` Filter
  --> $DIR/unnecessary_with.rs:28:39
   |
LL | fn test_query2(query: Query<(&A, &B), With<A>>, query_check: Query<(&A, &B)>) {
   |                                       ^^^^^^^

warning: Unnecessary `With` Filter
  --> $DIR/unnecessary_with.rs:33:39
   |
LL | fn test_query3(query: Query<(&A, &B), With<B>>, query_check: Query<(&A, &B)>) {
   |                                       ^^^^^^^

warning: Unnecessary `With` Filter
  --> $DIR/unnecessary_with.rs:38:40
   |
LL | fn test_query4(query: Query<(&A, &B), (With<A>, With<B>)>, query_check: Query<(&A, &B)>) {
   |                                        ^^^^^^^

warning: Unnecessary `With` Filter
  --> $DIR/unnecessary_with.rs:38:49
   |
LL | fn test_query4(query: Query<(&A, &B), (With<A>, With<B>)>, query_check: Query<(&A, &B)>) {
   |                                                 ^^^^^^^

warning: Unnecessary `With` Filter
  --> $DIR/unnecessary_with.rs:43:40
   |
LL | fn test_query5(query: Query<(&A, &B), (With<A>, With<C>)>, query_check: Query<(&A, &B), With<C>>) {
   |                                        ^^^^^^^

warning: Unnecessary `With` Filter
  --> $DIR/unnecessary_with.rs:48:34
   |
LL | fn test_query6(query: Query<&A, (With<A>, With<B>)>, query_check: Query<&A, With<B>>) {
   |                                  ^^^^^^^

warning: Unnecessary `With` Filter
  --> $DIR/unnecessary_with.rs:53:41
   |
LL | fn test_query7(mut query: Query<&mut A, With<A>>) {
   |                                         ^^^^^^^

warning: Unnecessary `With` Filter
  --> $DIR/unnecessary_with.rs:58:47
   |
LL | fn test_query8(mut query: Query<(&mut A, &B), With<A>>) {
   |                                               ^^^^^^^

warning: Unnecessary `With` Filter
  --> $DIR/unnecessary_with.rs:63:47
   |
LL | fn test_query9(mut query: Query<(&mut A, &B), With<B>>) {
   |                                               ^^^^^^^

warning: Unnecessary `With` Filter
  --> $DIR/unnecessary_with.rs:68:49
   |
LL | fn test_query10(mut query: Query<(&mut A, &B), (With<A>, With<B>)>) {
   |                                                 ^^^^^^^

warning: Unnecessary `With` Filter
  --> $DIR/unnecessary_with.rs:68:58
   |
LL | fn test_query10(mut query: Query<(&mut A, &B), (With<A>, With<B>)>) {
   |                                                          ^^^^^^^

warning: Unnecessary `With` Filter
  --> $DIR/unnecessary_with.rs:73:49
   |
LL | fn test_query11(mut query: Query<(&mut A, &B), (With<A>, With<C>)>) {
   |                                                 ^^^^^^^

warning: Unnecessary `With` Filter
  --> $DIR/unnecessary_with.rs:78:43
   |
LL | fn test_query12(mut query: Query<&mut A, (With<A>, With<B>)>) {
   |                                           ^^^^^^^

warning: Unnecessary `With` Filter
  --> $DIR/unnecessary_with.rs:83:45
   |
LL | fn test_query13(query: Query<(), (Added<A>, With<A>)>, query_check: Query<(), Added<A>>) {
   |                                             ^^^^^^^

warning: Unnecessary `With` Filter
  --> $DIR/unnecessary_with.rs:88:47
   |
LL | fn test_query14(query: Query<(), (Changed<A>, With<A>)>, query_check: Query<(), Changed<A>>) {
   |                                               ^^^^^^^

warning: Unnecessary `With` Filter
  --> $DIR/unnecessary_with.rs:93:35
   |
LL | fn test_query15(query: (Query<&A, With<A>>,), query_check: Query<&A>) {
   |                                   ^^^^^^^

warning: Unnecessary `With` Filter
  --> $DIR/unnecessary_with.rs:98:43
   |
LL | fn test_query16(query: (((((((((Query<&A, With<A>>,),),),),),),),),), query_check: Query<&A>) {
   |                                           ^^^^^^^

warning: Unnecessary `With` Filter
  --> $DIR/unnecessary_with.rs:112:31
   |
LL |                 ((((Query<&A, With<A>>,), ()),),),
   |                               ^^^^^^^

warning: Unnecessary `With` Filter
  --> $DIR/unnecessary_with.rs:114:28
   |
LL |                 (Query<&A, With<A>>, ()),
   |                            ^^^^^^^

warning: Unnecessary `With` Filter
  --> $DIR/unnecessary_with.rs:132:66
   |
LL |     query: Query<(((((((((((&A,),),),),),),),),),),), (((((((((((With<A>,),),),),),),),),),),)>,
   |                                                                  ^^^^^^^

warning: Unnecessary `With` Filter
  --> $DIR/unnecessary_with.rs:142:43
   |
LL |         ((), ((((), (((((), ()),),), (), (With<A>,))),),)),
   |                                           ^^^^^^^

warning: Unnecessary `With` Filter
  --> $DIR/unnecessary_with.rs:160:63
   |
LL | ...                   ((), ((((), (((((), ()),),), (), (With<A>,))),),)),
   |                                                         ^^^^^^^

warning: Unnecessary `With` Filter
  --> $DIR/unnecessary_with.rs:169:59
   |
LL |                         ((), ((((), (((((), ()),),), (), (With<A>,))),),)),
   |                                                           ^^^^^^^

warning: Unnecessary `With` Filter
  --> $DIR/unnecessary_with.rs:189:48
   |
LL | fn test_query21<E: Component>(query: Query<&E, With<E>>, query_check: Query<&E>) {
   |                                                ^^^^^^^

warning: Unnecessary `With` Filter
  --> $DIR/unnecessary_with.rs:196:39
   |
LL |     query1: Query<'w, 's, &'static A, With<A>>,
   |                                       ^^^^^^^

warning: Unnecessary `With` Filter
  --> $DIR/unnecessary_with.rs:202:52
   |
LL |                 ((((Query<'w, 's, (), (Changed<A>, With<A>)>,), ()),),),
   |                                                    ^^^^^^^

warning: Unnecessary `With` Filter
  --> $DIR/unnecessary_with.rs:209:36
   |
LL |                         (((((((((((With<A>,),),),),),),),),),),),
   |                                    ^^^^^^^

warning: Unnecessary `With` Filter
  --> $DIR/unnecessary_with.rs:241:47
   |
LL |     fn test_trait1_query1(query: Query<&Self, With<Self>>, query_check: Query<&Self>) {
   |                                               ^^^^^^^^^^

warning: Unnecessary `With` Filter
  --> $DIR/unnecessary_with.rs:246:39
   |
LL |         query: Query<&Self::TestType, With<Self::TestType>>,
   |                                       ^^^^^^^^^^^^^^^^^^^^

warning: Unnecessary `With` Filter
  --> $DIR/unnecessary_with.rs:274:47
   |
LL |     fn test_trait1_query1(query: Query<&Self, With<Self>>, query_check: Query<&Self>) {
   |                                               ^^^^^^^^^^

warning: Unnecessary `With` Filter
  --> $DIR/unnecessary_with.rs:279:39
   |
LL |         query: Query<&Self::TestType, With<Self::TestType>>,
   |                                       ^^^^^^^^^^^^^^^^^^^^

warning: Unnecessary `With` Filter
  --> $DIR/unnecessary_with.rs:285:47
   |
LL |     fn test_trait1_query3(query: Query<&Self, With<Self::TestType>>, query_check: Query<&Self>) {
   |                                               ^^^^^^^^^^^^^^^^^^^^

warning: Unnecessary `With` Filter
  --> $DIR/unnecessary_with.rs:290:39
   |
LL |         query: Query<&Self::TestType, With<Self>>,
   |                                       ^^^^^^^^^^

warning: Unnecessary `With` Filter
  --> $DIR/unnecessary_with.rs:301:47
   |
LL |     fn test_trait1_query1(query: Query<&Self, With<Self>>, query_check: Query<&Self>) {
   |                                               ^^^^^^^^^^

warning: Unnecessary `With` Filter
  --> $DIR/unnecessary_with.rs:306:39
   |
LL |         query: Query<&Self::TestType, With<Self::TestType>>,
   |                                       ^^^^^^^^^^^^^^^^^^^^

warning: Unnecessary `With` Filter
  --> $DIR/unnecessary_with.rs:312:47
   |
LL |     fn test_trait1_query3(query: Query<&Self, With<Self::TestType>>, query_check: Query<&Self>) {
   |                                               ^^^^^^^^^^^^^^^^^^^^

warning: Unnecessary `With` Filter
  --> $DIR/unnecessary_with.rs:317:39
   |
LL |         query: Query<&Self::TestType, With<Self>>,
   |                                       ^^^^^^^^^^

warning: Unnecessary `With` Filter
  --> $DIR/unnecessary_with.rs:344:40
   |
LL |         query: Query<&Self::TestType1, With<Self::TestType2>>,
   |                                        ^^^^^^^^^^^^^^^^^^^^^

warning: Unnecessary `With` Filter
  --> $DIR/unnecessary_with.rs:357:40
   |
LL |         query: Query<&Self::TestType1, With<Self::TestType2>>,
   |                                        ^^^^^^^^^^^^^^^^^^^^^

warning: Unnecessary `With` Filter
  --> $DIR/unnecessary_with.rs:374:44
   |
LL |     fn test_trait3_query1(query: Query<&A, With<Self>>, query_check: Query<&A>) {
   |                                            ^^^^^^^^^^

warning: 41 warnings emitted

