error: initializing a Resource of type `T` with `T::default()` is better expressed using `init_resource`
  --> $DIR/insert_resource_with_default.rs:15:14
   |
LL |             .insert_resource(B::default());
   |              ^^^^^^^^^^^^^^^^^^^^^^^^^^^^^ help: consider using: `init_resource::<B>()`
   |
   = note: `-D insert-resource-with-default` implied by `-D warnings`

error: initializing a Resource of type `T` with `T::default()` is better expressed using `init_resource`
  --> $DIR/insert_resource_with_default.rs:14:13
   |
LL |         app.insert_resource(A::default())
   |             ^^^^^^^^^^^^^^^^^^^^^^^^^^^^^ help: consider using: `init_resource::<A>()`

error: initializing a Resource of type `T` with `T::default()` is better expressed using `init_resource`
  --> $DIR/insert_resource_with_default.rs:20:16
   |
LL |     App::new().insert_resource(A::default());
   |                ^^^^^^^^^^^^^^^^^^^^^^^^^^^^^ help: consider using: `init_resource::<A>()`

error: initializing a Resource of type `T` with `T::default()` is better expressed using `init_resource`
  --> $DIR/insert_resource_with_default.rs:21:16
   |
LL |     App::new().insert_resource(B::default());
   |                ^^^^^^^^^^^^^^^^^^^^^^^^^^^^^ help: consider using: `init_resource::<B>()`

error: initializing a Resource of type `T` with `T::default()` is better expressed using `init_resource`
  --> $DIR/insert_resource_with_default.rs:25:10
   |
LL |         .insert_resource(B::default());
   |          ^^^^^^^^^^^^^^^^^^^^^^^^^^^^^ help: consider using: `init_resource::<B>()`

error: initializing a Resource of type `T` with `T::default()` is better expressed using `init_resource`
  --> $DIR/insert_resource_with_default.rs:24:10
   |
LL |         .insert_resource(A::default())
   |          ^^^^^^^^^^^^^^^^^^^^^^^^^^^^^ help: consider using: `init_resource::<A>()`

error: initializing a Resource of type `T` with `T::default()` is better expressed using `init_resource`
  --> $DIR/insert_resource_with_default.rs:26:16
   |
LL |     App::new().insert_resource(A::default()).insert_resource(B);
   |                ^^^^^^^^^^^^^^^^^^^^^^^^^^^^^ help: consider using: `init_resource::<A>()`

error: initializing a Resource of type `T` with `T::default()` is better expressed using `init_resource`
  --> $DIR/insert_resource_with_default.rs:27:35
   |
LL |     App::new().insert_resource(A).insert_resource(B::default());
   |                                   ^^^^^^^^^^^^^^^^^^^^^^^^^^^^^ help: consider using: `init_resource::<B>()`

error: aborting due to 8 previous errors

