error: Unnecessary `With` Filter
  --> $DIR/unnecessary_with.rs:19:33
   |
LL | fn test_query1(query: Query<&A, With<A>>, query_check: Query<&A>) {
   |                                 ^^^^^^^
   |
   = note: `-D unnecessary-with` implied by `-D warnings`

error: Unnecessary `With` Filter
  --> $DIR/unnecessary_with.rs:24:39
   |
LL | fn test_query2(query: Query<(&A, &B), With<A>>, query_check: Query<(&A, &B)>) {
   |                                       ^^^^^^^

error: Unnecessary `With` Filter
  --> $DIR/unnecessary_with.rs:29:39
   |
LL | fn test_query3(query: Query<(&A, &B), With<B>>, query_check: Query<(&A, &B)>) {
   |                                       ^^^^^^^

error: Unnecessary `With` Filter
  --> $DIR/unnecessary_with.rs:34:40
   |
LL | fn test_query4(query: Query<(&A, &B), (With<A>, With<B>)>, query_check: Query<(&A, &B)>) {
   |                                        ^^^^^^^

error: Unnecessary `With` Filter
  --> $DIR/unnecessary_with.rs:34:49
   |
LL | fn test_query4(query: Query<(&A, &B), (With<A>, With<B>)>, query_check: Query<(&A, &B)>) {
   |                                                 ^^^^^^^

error: Unnecessary `With` Filter
  --> $DIR/unnecessary_with.rs:39:40
   |
LL | fn test_query5(query: Query<(&A, &B), (With<A>, With<C>)>, query_check: Query<(&A, &B), With<C>>) {
   |                                        ^^^^^^^

error: Unnecessary `With` Filter
  --> $DIR/unnecessary_with.rs:44:34
   |
LL | fn test_query6(query: Query<&A, (With<A>, With<B>)>, query_check: Query<&A, With<B>>) {
   |                                  ^^^^^^^

error: Unnecessary `With` Filter
  --> $DIR/unnecessary_with.rs:49:41
   |
LL | fn test_query7(mut query: Query<&mut A, With<A>>) {
   |                                         ^^^^^^^

error: Unnecessary `With` Filter
  --> $DIR/unnecessary_with.rs:54:47
   |
LL | fn test_query8(mut query: Query<(&mut A, &B), With<A>>) {
   |                                               ^^^^^^^

error: Unnecessary `With` Filter
  --> $DIR/unnecessary_with.rs:59:47
   |
LL | fn test_query9(mut query: Query<(&mut A, &B), With<B>>) {
   |                                               ^^^^^^^

error: Unnecessary `With` Filter
  --> $DIR/unnecessary_with.rs:64:49
   |
LL | fn test_query10(mut query: Query<(&mut A, &B), (With<A>, With<B>)>) {
   |                                                 ^^^^^^^

error: Unnecessary `With` Filter
  --> $DIR/unnecessary_with.rs:64:58
   |
LL | fn test_query10(mut query: Query<(&mut A, &B), (With<A>, With<B>)>) {
   |                                                          ^^^^^^^

error: Unnecessary `With` Filter
  --> $DIR/unnecessary_with.rs:69:49
   |
LL | fn test_query11(mut query: Query<(&mut A, &B), (With<A>, With<C>)>) {
   |                                                 ^^^^^^^

error: Unnecessary `With` Filter
  --> $DIR/unnecessary_with.rs:74:43
   |
LL | fn test_query12(mut query: Query<&mut A, (With<A>, With<B>)>) {
   |                                           ^^^^^^^

error: Unnecessary `With` Filter
  --> $DIR/unnecessary_with.rs:79:45
   |
LL | fn test_query13(query: Query<(), (Added<A>, With<A>)>, query_check: Query<(), Added<A>>) {
   |                                             ^^^^^^^

error: Unnecessary `With` Filter
  --> $DIR/unnecessary_with.rs:84:47
   |
LL | fn test_query14(query: Query<(), (Changed<A>, With<A>)>, query_check: Query<(), Changed<A>>) {
   |                                               ^^^^^^^

error: Unnecessary `With` Filter
  --> $DIR/unnecessary_with.rs:89:35
   |
LL | fn test_query15(query: (Query<&A, With<A>>,), query_check: Query<&A>) {
   |                                   ^^^^^^^

error: Unnecessary `With` Filter
  --> $DIR/unnecessary_with.rs:94:43
   |
LL | fn test_query16(query: (((((((((Query<&A, With<A>>,),),),),),),),),), query_check: Query<&A>) {
   |                                           ^^^^^^^

error: Unnecessary `With` Filter
  --> $DIR/unnecessary_with.rs:108:31
   |
LL |                 ((((Query<&A, With<A>>,), ()),),),
   |                               ^^^^^^^

error: Unnecessary `With` Filter
  --> $DIR/unnecessary_with.rs:110:28
   |
LL |                 (Query<&A, With<A>>, ()),
   |                            ^^^^^^^

error: Unnecessary `With` Filter
  --> $DIR/unnecessary_with.rs:128:66
   |
LL |     query: Query<(((((((((((&A,),),),),),),),),),),), (((((((((((With<A>,),),),),),),),),),),)>,
   |                                                                  ^^^^^^^

error: Unnecessary `With` Filter
  --> $DIR/unnecessary_with.rs:138:43
   |
LL |         ((), ((((), (((((), ()),),), (), (With<A>,))),),)),
   |                                           ^^^^^^^

error: Unnecessary `With` Filter
  --> $DIR/unnecessary_with.rs:156:63
   |
LL | ...                   ((), ((((), (((((), ()),),), (), (With<A>,))),),)),
   |                                                         ^^^^^^^

error: Unnecessary `With` Filter
  --> $DIR/unnecessary_with.rs:165:59
   |
LL |                         ((), ((((), (((((), ()),),), (), (With<A>,))),),)),
   |                                                           ^^^^^^^

error: Unnecessary `With` Filter
  --> $DIR/unnecessary_with.rs:185:48
   |
LL | fn test_query21<E: Component>(query: Query<&E, With<E>>, query_check: Query<&E>) {
   |                                                ^^^^^^^

error: Usage of Filter in first Part of Query.
  --> $DIR/unnecessary_with.rs:190:46
   |
LL | fn test_query22(mut query: Query<Option<(&A, With<A>)>>, query_check: Query<&A>) {
   |                                              ^^^^^^^
   |
   = note: `-D filter-in-world-query` implied by `-D warnings`

error: Unnecessary `With` Filter
  --> $DIR/unnecessary_with.rs:190:46
   |
LL | fn test_query22(mut query: Query<Option<(&A, With<A>)>>, query_check: Query<&A>) {
   |                                              ^^^^^^^

error: Unnecessary `With` Filter
  --> $DIR/unnecessary_with.rs:200:39
   |
LL |     query1: Query<'w, 's, &'static A, With<A>>,
   |                                       ^^^^^^^

error: Unnecessary `With` Filter
  --> $DIR/unnecessary_with.rs:206:52
   |
LL |                 ((((Query<'w, 's, (), (Changed<A>, With<A>)>,), ()),),),
   |                                                    ^^^^^^^

error: Unnecessary `With` Filter
  --> $DIR/unnecessary_with.rs:213:36
   |
LL |                         (((((((((((With<A>,),),),),),),),),),),),
   |                                    ^^^^^^^

error: Unnecessary `With` Filter
  --> $DIR/unnecessary_with.rs:245:47
   |
LL |     fn test_trait1_query1(query: Query<&Self, With<Self>>, query_check: Query<&Self>) {
   |                                               ^^^^^^^^^^

error: Unnecessary `With` Filter
  --> $DIR/unnecessary_with.rs:250:39
   |
LL |         query: Query<&Self::TestType, With<Self::TestType>>,
   |                                       ^^^^^^^^^^^^^^^^^^^^

error: Unnecessary `With` Filter
  --> $DIR/unnecessary_with.rs:278:47
   |
LL |     fn test_trait1_query1(query: Query<&Self, With<Self>>, query_check: Query<&Self>) {
   |                                               ^^^^^^^^^^

error: Unnecessary `With` Filter
  --> $DIR/unnecessary_with.rs:283:39
   |
LL |         query: Query<&Self::TestType, With<Self::TestType>>,
   |                                       ^^^^^^^^^^^^^^^^^^^^

error: Unnecessary `With` Filter
  --> $DIR/unnecessary_with.rs:289:47
   |
LL |     fn test_trait1_query3(query: Query<&Self, With<Self::TestType>>, query_check: Query<&Self>) {
   |                                               ^^^^^^^^^^^^^^^^^^^^

error: Unnecessary `With` Filter
  --> $DIR/unnecessary_with.rs:294:39
   |
LL |         query: Query<&Self::TestType, With<Self>>,
   |                                       ^^^^^^^^^^

error: Unnecessary `With` Filter
  --> $DIR/unnecessary_with.rs:305:47
   |
LL |     fn test_trait1_query1(query: Query<&Self, With<Self>>, query_check: Query<&Self>) {
   |                                               ^^^^^^^^^^

error: Unnecessary `With` Filter
  --> $DIR/unnecessary_with.rs:310:39
   |
LL |         query: Query<&Self::TestType, With<Self::TestType>>,
   |                                       ^^^^^^^^^^^^^^^^^^^^

error: Unnecessary `With` Filter
  --> $DIR/unnecessary_with.rs:316:47
   |
LL |     fn test_trait1_query3(query: Query<&Self, With<Self::TestType>>, query_check: Query<&Self>) {
   |                                               ^^^^^^^^^^^^^^^^^^^^

error: Unnecessary `With` Filter
  --> $DIR/unnecessary_with.rs:321:39
   |
LL |         query: Query<&Self::TestType, With<Self>>,
   |                                       ^^^^^^^^^^

error: Unnecessary `With` Filter
  --> $DIR/unnecessary_with.rs:348:40
   |
LL |         query: Query<&Self::TestType1, With<Self::TestType2>>,
   |                                        ^^^^^^^^^^^^^^^^^^^^^

error: Unnecessary `With` Filter
  --> $DIR/unnecessary_with.rs:361:40
   |
LL |         query: Query<&Self::TestType1, With<Self::TestType2>>,
   |                                        ^^^^^^^^^^^^^^^^^^^^^

error: aborting due to 42 previous errors

